状态 20 conflicts: 1 shift/reduce
状态 26 conflicts: 1 shift/reduce


语法

    0 $accept: program $end

    1 program: decl_list

    2 decl: variableDecl
    3     | callDecl

    4 decl_list: decl
    5          | decl_list decl

    6 variableDecl: VAR variable ';'

    7 variableDecl_list: variableDecl
    8                  | variableDecl_list variableDecl

    9 variable: TYPEID OBJECTID

   10 variable_list: variable
   11              | variable_list ',' variable

   12 callDecl: TYPEID FUNC OBJECTID '(' variable_list ')' stmtBlock
   13         | TYPEID FUNC OBJECTID '(' ')' stmtBlock

   14 stmtBlock: '{' variableDecl_list stmt_list '}'
   15          | '{' stmt_list '}'
   16          | '{' variableDecl_list '}'
   17          | '{' '}'

   18 stmt: ';'
   19     | expr ';'
   20     | ifStmt
   21     | whileStmt
   22     | forStmt
   23     | breakStmt
   24     | continueStmt
   25     | returnStmt
   26     | stmtBlock

   27 stmt_list: %empty
   28          | stmt_list stmt

   29 ifStmt: IF expr stmtBlock ELSE stmtBlock
   30       | IF expr stmtBlock

   31 whileStmt: WHILE expr stmtBlock

   32 forStmt: FOR expr ';' expr ';' expr stmtBlock
   33        | FOR expr ';' expr ';' stmtBlock
   34        | FOR expr ';' ';' expr stmtBlock
   35        | FOR ';' expr ';' expr stmtBlock
   36        | FOR expr ';' ';' stmtBlock
   37        | FOR ';' expr ';' stmtBlock
   38        | FOR ';' ';' expr stmtBlock
   39        | FOR ';' ';' stmtBlock

   40 returnStmt: RETURN expr ';'
   41           | RETURN ';'

   42 continueStmt: CONTINUE ';'

   43 breakStmt: BREAK ';'

   44 expr: OBJECTID '=' expr
   45     | CONST_INT
   46     | CONST_BOOL
   47     | CONST_STRING
   48     | CONST_FLOAT
   49     | call
   50     | '(' expr ')'
   51     | OBJECTID
   52     | expr '+' expr
   53     | expr '-' expr
   54     | expr '*' expr
   55     | expr '/' expr
   56     | expr '%' expr
   57     | '-' expr
   58     | expr '<' expr
   59     | expr LE expr
   60     | expr EQUAL expr
   61     | expr NE expr
   62     | expr GE expr
   63     | expr '>' expr
   64     | expr AND expr
   65     | expr OR expr
   66     | expr '^' expr
   67     | '!' expr
   68     | '~' expr
   69     | expr '&' expr
   70     | expr '|' expr

   71 call: OBJECTID '(' actual_list ')'
   72     | OBJECTID '(' ')'

   73 actual: expr

   74 actual_list: actual
   75            | actual_list ',' actual


Terminals, with rules where they appear

$end (0) 0
'!' (33) 67
'%' (37) 56
'&' (38) 69
'(' (40) 12 13 50 71 72
')' (41) 12 13 50 71 72
'*' (42) 54
'+' (43) 52
',' (44) 11 75
'-' (45) 53 57
'/' (47) 55
';' (59) 6 18 19 32 33 34 35 36 37 38 39 40 41 42 43
'<' (60) 58
'=' (61) 44
'>' (62) 63
'^' (94) 66
'{' (123) 14 15 16 17
'|' (124) 70
'}' (125) 14 15 16 17
'~' (126) 68
error (256)
IF (258) 29 30
ELSE (260) 29
WHILE (261) 31
FOR (262) 32 33 34 35 36 37 38 39
BREAK (263) 43
CONTINUE (264) 42
FUNC (265) 12 13
RETURN (266) 40 41
CONST_BOOL (267) 46
CONST_INT (268) 45
CONST_STRING (269) 47
CONST_FLOAT (270) 48
VAR (271) 6
AND (274) 64
OR (275) 65
EQUAL (276) 60
NE (277) 61
GE (278) 62
LE (279) 59
OBJECTID (284) 9 12 13 44 51 71 72
TYPEID (285) 9 12 13
UMINUS (287)


Nonterminals, with rules where they appear

$accept (44)
    左： 0
program (45)
    左： 1, 右： 0
decl (46)
    左： 2 3, 右： 4 5
decl_list (47)
    左： 4 5, 右： 1 5
variableDecl (48)
    左： 6, 右： 2 7 8
variableDecl_list (49)
    左： 7 8, 右： 8 14 16
variable (50)
    左： 9, 右： 6 10 11
variable_list (51)
    左： 10 11, 右： 11 12
callDecl (52)
    左： 12 13, 右： 3
stmtBlock (53)
    左： 14 15 16 17, 右： 12 13 26 29 30 31 32 33 34 35 36 37
    38 39
stmt (54)
    左： 18 19 20 21 22 23 24 25 26, 右： 28
stmt_list (55)
    左： 27 28, 右： 14 15 28
ifStmt (56)
    左： 29 30, 右： 20
whileStmt (57)
    左： 31, 右： 21
forStmt (58)
    左： 32 33 34 35 36 37 38 39, 右： 22
returnStmt (59)
    左： 40 41, 右： 25
continueStmt (60)
    左： 42, 右： 24
breakStmt (61)
    左： 43, 右： 23
expr (62)
    左： 44 45 46 47 48 49 50 51 52 53 54 55 56 57 58 59 60 61 62
    63 64 65 66 67 68 69 70, 右： 19 29 30 31 32 33 34 35 36 37 38
    40 44 50 52 53 54 55 56 57 58 59 60 61 62 63 64 65 66 67 68 69
    70 73
call (63)
    左： 71 72, 右： 49
actual (64)
    左： 73, 右： 74 75
actual_list (65)
    左： 74 75, 右： 71 75


State 0

    0 $accept: . program $end

    VAR     shift, and go to state 1
    TYPEID  shift, and go to state 2

    program       转到状态 3
    decl          转到状态 4
    decl_list     转到状态 5
    variableDecl  转到状态 6
    callDecl      转到状态 7


State 1

    6 variableDecl: VAR . variable ';'

    TYPEID  shift, and go to state 8

    variable  转到状态 9


State 2

   12 callDecl: TYPEID . FUNC OBJECTID '(' variable_list ')' stmtBlock
   13         | TYPEID . FUNC OBJECTID '(' ')' stmtBlock

    FUNC  shift, and go to state 10


State 3

    0 $accept: program . $end

    $end  shift, and go to state 11


State 4

    4 decl_list: decl .

    $default  reduce using rule 4 (decl_list)


State 5

    1 program: decl_list .
    5 decl_list: decl_list . decl

    VAR     shift, and go to state 1
    TYPEID  shift, and go to state 2

    $default  reduce using rule 1 (program)

    decl          转到状态 12
    variableDecl  转到状态 6
    callDecl      转到状态 7


State 6

    2 decl: variableDecl .

    $default  reduce using rule 2 (decl)


State 7

    3 decl: callDecl .

    $default  reduce using rule 3 (decl)


State 8

    9 variable: TYPEID . OBJECTID

    OBJECTID  shift, and go to state 13


State 9

    6 variableDecl: VAR variable . ';'

    ';'  shift, and go to state 14


State 10

   12 callDecl: TYPEID FUNC . OBJECTID '(' variable_list ')' stmtBlock
   13         | TYPEID FUNC . OBJECTID '(' ')' stmtBlock

    OBJECTID  shift, and go to state 15


State 11

    0 $accept: program $end .

    $default  接受


State 12

    5 decl_list: decl_list decl .

    $default  reduce using rule 5 (decl_list)


State 13

    9 variable: TYPEID OBJECTID .

    $default  reduce using rule 9 (variable)


State 14

    6 variableDecl: VAR variable ';' .

    $default  reduce using rule 6 (variableDecl)


State 15

   12 callDecl: TYPEID FUNC OBJECTID . '(' variable_list ')' stmtBlock
   13         | TYPEID FUNC OBJECTID . '(' ')' stmtBlock

    '('  shift, and go to state 16


State 16

   12 callDecl: TYPEID FUNC OBJECTID '(' . variable_list ')' stmtBlock
   13         | TYPEID FUNC OBJECTID '(' . ')' stmtBlock

    TYPEID  shift, and go to state 8
    ')'     shift, and go to state 17

    variable       转到状态 18
    variable_list  转到状态 19


State 17

   13 callDecl: TYPEID FUNC OBJECTID '(' ')' . stmtBlock

    '{'  shift, and go to state 20

    stmtBlock  转到状态 21


State 18

   10 variable_list: variable .

    $default  reduce using rule 10 (variable_list)


State 19

   11 variable_list: variable_list . ',' variable
   12 callDecl: TYPEID FUNC OBJECTID '(' variable_list . ')' stmtBlock

    ','  shift, and go to state 22
    ')'  shift, and go to state 23


State 20

   14 stmtBlock: '{' . variableDecl_list stmt_list '}'
   15          | '{' . stmt_list '}'
   16          | '{' . variableDecl_list '}'
   17          | '{' . '}'

    VAR  shift, and go to state 1
    '}'  shift, and go to state 24

    '}'       [reduce using rule 27 (stmt_list)]
    $default  reduce using rule 27 (stmt_list)

    variableDecl       转到状态 25
    variableDecl_list  转到状态 26
    stmt_list          转到状态 27


State 21

   13 callDecl: TYPEID FUNC OBJECTID '(' ')' stmtBlock .

    $default  reduce using rule 13 (callDecl)


State 22

   11 variable_list: variable_list ',' . variable

    TYPEID  shift, and go to state 8

    variable  转到状态 28


State 23

   12 callDecl: TYPEID FUNC OBJECTID '(' variable_list ')' . stmtBlock

    '{'  shift, and go to state 20

    stmtBlock  转到状态 29


State 24

   17 stmtBlock: '{' '}' .

    $default  reduce using rule 17 (stmtBlock)


State 25

    7 variableDecl_list: variableDecl .

    $default  reduce using rule 7 (variableDecl_list)


State 26

    8 variableDecl_list: variableDecl_list . variableDecl
   14 stmtBlock: '{' variableDecl_list . stmt_list '}'
   16          | '{' variableDecl_list . '}'

    VAR  shift, and go to state 1
    '}'  shift, and go to state 30

    '}'       [reduce using rule 27 (stmt_list)]
    $default  reduce using rule 27 (stmt_list)

    variableDecl  转到状态 31
    stmt_list     转到状态 32


State 27

   15 stmtBlock: '{' stmt_list . '}'
   28 stmt_list: stmt_list . stmt

    IF            shift, and go to state 33
    WHILE         shift, and go to state 34
    FOR           shift, and go to state 35
    BREAK         shift, and go to state 36
    CONTINUE      shift, and go to state 37
    RETURN        shift, and go to state 38
    CONST_BOOL    shift, and go to state 39
    CONST_INT     shift, and go to state 40
    CONST_STRING  shift, and go to state 41
    CONST_FLOAT   shift, and go to state 42
    OBJECTID      shift, and go to state 43
    '~'           shift, and go to state 44
    '-'           shift, and go to state 45
    '!'           shift, and go to state 46
    ';'           shift, and go to state 47
    '('           shift, and go to state 48
    '{'           shift, and go to state 20
    '}'           shift, and go to state 49

    stmtBlock     转到状态 50
    stmt          转到状态 51
    ifStmt        转到状态 52
    whileStmt     转到状态 53
    forStmt       转到状态 54
    returnStmt    转到状态 55
    continueStmt  转到状态 56
    breakStmt     转到状态 57
    expr          转到状态 58
    call          转到状态 59


State 28

   11 variable_list: variable_list ',' variable .

    $default  reduce using rule 11 (variable_list)


State 29

   12 callDecl: TYPEID FUNC OBJECTID '(' variable_list ')' stmtBlock .

    $default  reduce using rule 12 (callDecl)


State 30

   16 stmtBlock: '{' variableDecl_list '}' .

    $default  reduce using rule 16 (stmtBlock)


State 31

    8 variableDecl_list: variableDecl_list variableDecl .

    $default  reduce using rule 8 (variableDecl_list)


State 32

   14 stmtBlock: '{' variableDecl_list stmt_list . '}'
   28 stmt_list: stmt_list . stmt

    IF            shift, and go to state 33
    WHILE         shift, and go to state 34
    FOR           shift, and go to state 35
    BREAK         shift, and go to state 36
    CONTINUE      shift, and go to state 37
    RETURN        shift, and go to state 38
    CONST_BOOL    shift, and go to state 39
    CONST_INT     shift, and go to state 40
    CONST_STRING  shift, and go to state 41
    CONST_FLOAT   shift, and go to state 42
    OBJECTID      shift, and go to state 43
    '~'           shift, and go to state 44
    '-'           shift, and go to state 45
    '!'           shift, and go to state 46
    ';'           shift, and go to state 47
    '('           shift, and go to state 48
    '{'           shift, and go to state 20
    '}'           shift, and go to state 60

    stmtBlock     转到状态 50
    stmt          转到状态 51
    ifStmt        转到状态 52
    whileStmt     转到状态 53
    forStmt       转到状态 54
    returnStmt    转到状态 55
    continueStmt  转到状态 56
    breakStmt     转到状态 57
    expr          转到状态 58
    call          转到状态 59


State 33

   29 ifStmt: IF . expr stmtBlock ELSE stmtBlock
   30       | IF . expr stmtBlock

    CONST_BOOL    shift, and go to state 39
    CONST_INT     shift, and go to state 40
    CONST_STRING  shift, and go to state 41
    CONST_FLOAT   shift, and go to state 42
    OBJECTID      shift, and go to state 43
    '~'           shift, and go to state 44
    '-'           shift, and go to state 45
    '!'           shift, and go to state 46
    '('           shift, and go to state 48

    expr  转到状态 61
    call  转到状态 59


State 34

   31 whileStmt: WHILE . expr stmtBlock

    CONST_BOOL    shift, and go to state 39
    CONST_INT     shift, and go to state 40
    CONST_STRING  shift, and go to state 41
    CONST_FLOAT   shift, and go to state 42
    OBJECTID      shift, and go to state 43
    '~'           shift, and go to state 44
    '-'           shift, and go to state 45
    '!'           shift, and go to state 46
    '('           shift, and go to state 48

    expr  转到状态 62
    call  转到状态 59


State 35

   32 forStmt: FOR . expr ';' expr ';' expr stmtBlock
   33        | FOR . expr ';' expr ';' stmtBlock
   34        | FOR . expr ';' ';' expr stmtBlock
   35        | FOR . ';' expr ';' expr stmtBlock
   36        | FOR . expr ';' ';' stmtBlock
   37        | FOR . ';' expr ';' stmtBlock
   38        | FOR . ';' ';' expr stmtBlock
   39        | FOR . ';' ';' stmtBlock

    CONST_BOOL    shift, and go to state 39
    CONST_INT     shift, and go to state 40
    CONST_STRING  shift, and go to state 41
    CONST_FLOAT   shift, and go to state 42
    OBJECTID      shift, and go to state 43
    '~'           shift, and go to state 44
    '-'           shift, and go to state 45
    '!'           shift, and go to state 46
    ';'           shift, and go to state 63
    '('           shift, and go to state 48

    expr  转到状态 64
    call  转到状态 59


State 36

   43 breakStmt: BREAK . ';'

    ';'  shift, and go to state 65


State 37

   42 continueStmt: CONTINUE . ';'

    ';'  shift, and go to state 66


State 38

   40 returnStmt: RETURN . expr ';'
   41           | RETURN . ';'

    CONST_BOOL    shift, and go to state 39
    CONST_INT     shift, and go to state 40
    CONST_STRING  shift, and go to state 41
    CONST_FLOAT   shift, and go to state 42
    OBJECTID      shift, and go to state 43
    '~'           shift, and go to state 44
    '-'           shift, and go to state 45
    '!'           shift, and go to state 46
    ';'           shift, and go to state 67
    '('           shift, and go to state 48

    expr  转到状态 68
    call  转到状态 59


State 39

   46 expr: CONST_BOOL .

    $default  reduce using rule 46 (expr)


State 40

   45 expr: CONST_INT .

    $default  reduce using rule 45 (expr)


State 41

   47 expr: CONST_STRING .

    $default  reduce using rule 47 (expr)


State 42

   48 expr: CONST_FLOAT .

    $default  reduce using rule 48 (expr)


State 43

   44 expr: OBJECTID . '=' expr
   51     | OBJECTID .
   71 call: OBJECTID . '(' actual_list ')'
   72     | OBJECTID . '(' ')'

    '='  shift, and go to state 69
    '('  shift, and go to state 70

    $default  reduce using rule 51 (expr)


State 44

   68 expr: '~' . expr

    CONST_BOOL    shift, and go to state 39
    CONST_INT     shift, and go to state 40
    CONST_STRING  shift, and go to state 41
    CONST_FLOAT   shift, and go to state 42
    OBJECTID      shift, and go to state 43
    '~'           shift, and go to state 44
    '-'           shift, and go to state 45
    '!'           shift, and go to state 46
    '('           shift, and go to state 48

    expr  转到状态 71
    call  转到状态 59


State 45

   57 expr: '-' . expr

    CONST_BOOL    shift, and go to state 39
    CONST_INT     shift, and go to state 40
    CONST_STRING  shift, and go to state 41
    CONST_FLOAT   shift, and go to state 42
    OBJECTID      shift, and go to state 43
    '~'           shift, and go to state 44
    '-'           shift, and go to state 45
    '!'           shift, and go to state 46
    '('           shift, and go to state 48

    expr  转到状态 72
    call  转到状态 59


State 46

   67 expr: '!' . expr

    CONST_BOOL    shift, and go to state 39
    CONST_INT     shift, and go to state 40
    CONST_STRING  shift, and go to state 41
    CONST_FLOAT   shift, and go to state 42
    OBJECTID      shift, and go to state 43
    '~'           shift, and go to state 44
    '-'           shift, and go to state 45
    '!'           shift, and go to state 46
    '('           shift, and go to state 48

    expr  转到状态 73
    call  转到状态 59


State 47

   18 stmt: ';' .

    $default  reduce using rule 18 (stmt)


State 48

   50 expr: '(' . expr ')'

    CONST_BOOL    shift, and go to state 39
    CONST_INT     shift, and go to state 40
    CONST_STRING  shift, and go to state 41
    CONST_FLOAT   shift, and go to state 42
    OBJECTID      shift, and go to state 43
    '~'           shift, and go to state 44
    '-'           shift, and go to state 45
    '!'           shift, and go to state 46
    '('           shift, and go to state 48

    expr  转到状态 74
    call  转到状态 59


State 49

   15 stmtBlock: '{' stmt_list '}' .

    $default  reduce using rule 15 (stmtBlock)


State 50

   26 stmt: stmtBlock .

    $default  reduce using rule 26 (stmt)


State 51

   28 stmt_list: stmt_list stmt .

    $default  reduce using rule 28 (stmt_list)


State 52

   20 stmt: ifStmt .

    $default  reduce using rule 20 (stmt)


State 53

   21 stmt: whileStmt .

    $default  reduce using rule 21 (stmt)


State 54

   22 stmt: forStmt .

    $default  reduce using rule 22 (stmt)


State 55

   25 stmt: returnStmt .

    $default  reduce using rule 25 (stmt)


State 56

   24 stmt: continueStmt .

    $default  reduce using rule 24 (stmt)


State 57

   23 stmt: breakStmt .

    $default  reduce using rule 23 (stmt)


State 58

   19 stmt: expr . ';'
   52 expr: expr . '+' expr
   53     | expr . '-' expr
   54     | expr . '*' expr
   55     | expr . '/' expr
   56     | expr . '%' expr
   58     | expr . '<' expr
   59     | expr . LE expr
   60     | expr . EQUAL expr
   61     | expr . NE expr
   62     | expr . GE expr
   63     | expr . '>' expr
   64     | expr . AND expr
   65     | expr . OR expr
   66     | expr . '^' expr
   69     | expr . '&' expr
   70     | expr . '|' expr

    AND    shift, and go to state 75
    OR     shift, and go to state 76
    EQUAL  shift, and go to state 77
    NE     shift, and go to state 78
    GE     shift, and go to state 79
    LE     shift, and go to state 80
    '&'    shift, and go to state 81
    '|'    shift, and go to state 82
    '^'    shift, and go to state 83
    '*'    shift, and go to state 84
    '/'    shift, and go to state 85
    '%'    shift, and go to state 86
    '+'    shift, and go to state 87
    '-'    shift, and go to state 88
    '<'    shift, and go to state 89
    '>'    shift, and go to state 90
    ';'    shift, and go to state 91


State 59

   49 expr: call .

    $default  reduce using rule 49 (expr)


State 60

   14 stmtBlock: '{' variableDecl_list stmt_list '}' .

    $default  reduce using rule 14 (stmtBlock)


State 61

   29 ifStmt: IF expr . stmtBlock ELSE stmtBlock
   30       | IF expr . stmtBlock
   52 expr: expr . '+' expr
   53     | expr . '-' expr
   54     | expr . '*' expr
   55     | expr . '/' expr
   56     | expr . '%' expr
   58     | expr . '<' expr
   59     | expr . LE expr
   60     | expr . EQUAL expr
   61     | expr . NE expr
   62     | expr . GE expr
   63     | expr . '>' expr
   64     | expr . AND expr
   65     | expr . OR expr
   66     | expr . '^' expr
   69     | expr . '&' expr
   70     | expr . '|' expr

    AND    shift, and go to state 75
    OR     shift, and go to state 76
    EQUAL  shift, and go to state 77
    NE     shift, and go to state 78
    GE     shift, and go to state 79
    LE     shift, and go to state 80
    '&'    shift, and go to state 81
    '|'    shift, and go to state 82
    '^'    shift, and go to state 83
    '*'    shift, and go to state 84
    '/'    shift, and go to state 85
    '%'    shift, and go to state 86
    '+'    shift, and go to state 87
    '-'    shift, and go to state 88
    '<'    shift, and go to state 89
    '>'    shift, and go to state 90
    '{'    shift, and go to state 20

    stmtBlock  转到状态 92


State 62

   31 whileStmt: WHILE expr . stmtBlock
   52 expr: expr . '+' expr
   53     | expr . '-' expr
   54     | expr . '*' expr
   55     | expr . '/' expr
   56     | expr . '%' expr
   58     | expr . '<' expr
   59     | expr . LE expr
   60     | expr . EQUAL expr
   61     | expr . NE expr
   62     | expr . GE expr
   63     | expr . '>' expr
   64     | expr . AND expr
   65     | expr . OR expr
   66     | expr . '^' expr
   69     | expr . '&' expr
   70     | expr . '|' expr

    AND    shift, and go to state 75
    OR     shift, and go to state 76
    EQUAL  shift, and go to state 77
    NE     shift, and go to state 78
    GE     shift, and go to state 79
    LE     shift, and go to state 80
    '&'    shift, and go to state 81
    '|'    shift, and go to state 82
    '^'    shift, and go to state 83
    '*'    shift, and go to state 84
    '/'    shift, and go to state 85
    '%'    shift, and go to state 86
    '+'    shift, and go to state 87
    '-'    shift, and go to state 88
    '<'    shift, and go to state 89
    '>'    shift, and go to state 90
    '{'    shift, and go to state 20

    stmtBlock  转到状态 93


State 63

   35 forStmt: FOR ';' . expr ';' expr stmtBlock
   37        | FOR ';' . expr ';' stmtBlock
   38        | FOR ';' . ';' expr stmtBlock
   39        | FOR ';' . ';' stmtBlock

    CONST_BOOL    shift, and go to state 39
    CONST_INT     shift, and go to state 40
    CONST_STRING  shift, and go to state 41
    CONST_FLOAT   shift, and go to state 42
    OBJECTID      shift, and go to state 43
    '~'           shift, and go to state 44
    '-'           shift, and go to state 45
    '!'           shift, and go to state 46
    ';'           shift, and go to state 94
    '('           shift, and go to state 48

    expr  转到状态 95
    call  转到状态 59


State 64

   32 forStmt: FOR expr . ';' expr ';' expr stmtBlock
   33        | FOR expr . ';' expr ';' stmtBlock
   34        | FOR expr . ';' ';' expr stmtBlock
   36        | FOR expr . ';' ';' stmtBlock
   52 expr: expr . '+' expr
   53     | expr . '-' expr
   54     | expr . '*' expr
   55     | expr . '/' expr
   56     | expr . '%' expr
   58     | expr . '<' expr
   59     | expr . LE expr
   60     | expr . EQUAL expr
   61     | expr . NE expr
   62     | expr . GE expr
   63     | expr . '>' expr
   64     | expr . AND expr
   65     | expr . OR expr
   66     | expr . '^' expr
   69     | expr . '&' expr
   70     | expr . '|' expr

    AND    shift, and go to state 75
    OR     shift, and go to state 76
    EQUAL  shift, and go to state 77
    NE     shift, and go to state 78
    GE     shift, and go to state 79
    LE     shift, and go to state 80
    '&'    shift, and go to state 81
    '|'    shift, and go to state 82
    '^'    shift, and go to state 83
    '*'    shift, and go to state 84
    '/'    shift, and go to state 85
    '%'    shift, and go to state 86
    '+'    shift, and go to state 87
    '-'    shift, and go to state 88
    '<'    shift, and go to state 89
    '>'    shift, and go to state 90
    ';'    shift, and go to state 96


State 65

   43 breakStmt: BREAK ';' .

    $default  reduce using rule 43 (breakStmt)


State 66

   42 continueStmt: CONTINUE ';' .

    $default  reduce using rule 42 (continueStmt)


State 67

   41 returnStmt: RETURN ';' .

    $default  reduce using rule 41 (returnStmt)


State 68

   40 returnStmt: RETURN expr . ';'
   52 expr: expr . '+' expr
   53     | expr . '-' expr
   54     | expr . '*' expr
   55     | expr . '/' expr
   56     | expr . '%' expr
   58     | expr . '<' expr
   59     | expr . LE expr
   60     | expr . EQUAL expr
   61     | expr . NE expr
   62     | expr . GE expr
   63     | expr . '>' expr
   64     | expr . AND expr
   65     | expr . OR expr
   66     | expr . '^' expr
   69     | expr . '&' expr
   70     | expr . '|' expr

    AND    shift, and go to state 75
    OR     shift, and go to state 76
    EQUAL  shift, and go to state 77
    NE     shift, and go to state 78
    GE     shift, and go to state 79
    LE     shift, and go to state 80
    '&'    shift, and go to state 81
    '|'    shift, and go to state 82
    '^'    shift, and go to state 83
    '*'    shift, and go to state 84
    '/'    shift, and go to state 85
    '%'    shift, and go to state 86
    '+'    shift, and go to state 87
    '-'    shift, and go to state 88
    '<'    shift, and go to state 89
    '>'    shift, and go to state 90
    ';'    shift, and go to state 97


State 69

   44 expr: OBJECTID '=' . expr

    CONST_BOOL    shift, and go to state 39
    CONST_INT     shift, and go to state 40
    CONST_STRING  shift, and go to state 41
    CONST_FLOAT   shift, and go to state 42
    OBJECTID      shift, and go to state 43
    '~'           shift, and go to state 44
    '-'           shift, and go to state 45
    '!'           shift, and go to state 46
    '('           shift, and go to state 48

    expr  转到状态 98
    call  转到状态 59


State 70

   71 call: OBJECTID '(' . actual_list ')'
   72     | OBJECTID '(' . ')'

    CONST_BOOL    shift, and go to state 39
    CONST_INT     shift, and go to state 40
    CONST_STRING  shift, and go to state 41
    CONST_FLOAT   shift, and go to state 42
    OBJECTID      shift, and go to state 43
    '~'           shift, and go to state 44
    '-'           shift, and go to state 45
    '!'           shift, and go to state 46
    '('           shift, and go to state 48
    ')'           shift, and go to state 99

    expr         转到状态 100
    call         转到状态 59
    actual       转到状态 101
    actual_list  转到状态 102


State 71

   52 expr: expr . '+' expr
   53     | expr . '-' expr
   54     | expr . '*' expr
   55     | expr . '/' expr
   56     | expr . '%' expr
   58     | expr . '<' expr
   59     | expr . LE expr
   60     | expr . EQUAL expr
   61     | expr . NE expr
   62     | expr . GE expr
   63     | expr . '>' expr
   64     | expr . AND expr
   65     | expr . OR expr
   66     | expr . '^' expr
   68     | '~' expr .
   69     | expr . '&' expr
   70     | expr . '|' expr

    AND    shift, and go to state 75
    OR     shift, and go to state 76
    EQUAL  shift, and go to state 77
    NE     shift, and go to state 78
    GE     shift, and go to state 79
    LE     shift, and go to state 80
    '*'    shift, and go to state 84
    '/'    shift, and go to state 85
    '%'    shift, and go to state 86
    '+'    shift, and go to state 87
    '-'    shift, and go to state 88
    '<'    shift, and go to state 89
    '>'    shift, and go to state 90

    $default  reduce using rule 68 (expr)


State 72

   52 expr: expr . '+' expr
   53     | expr . '-' expr
   54     | expr . '*' expr
   55     | expr . '/' expr
   56     | expr . '%' expr
   57     | '-' expr .
   58     | expr . '<' expr
   59     | expr . LE expr
   60     | expr . EQUAL expr
   61     | expr . NE expr
   62     | expr . GE expr
   63     | expr . '>' expr
   64     | expr . AND expr
   65     | expr . OR expr
   66     | expr . '^' expr
   69     | expr . '&' expr
   70     | expr . '|' expr

    AND    shift, and go to state 75
    OR     shift, and go to state 76
    EQUAL  shift, and go to state 77
    NE     shift, and go to state 78
    GE     shift, and go to state 79
    LE     shift, and go to state 80
    '<'    shift, and go to state 89
    '>'    shift, and go to state 90

    $default  reduce using rule 57 (expr)


State 73

   52 expr: expr . '+' expr
   53     | expr . '-' expr
   54     | expr . '*' expr
   55     | expr . '/' expr
   56     | expr . '%' expr
   58     | expr . '<' expr
   59     | expr . LE expr
   60     | expr . EQUAL expr
   61     | expr . NE expr
   62     | expr . GE expr
   63     | expr . '>' expr
   64     | expr . AND expr
   65     | expr . OR expr
   66     | expr . '^' expr
   67     | '!' expr .
   69     | expr . '&' expr
   70     | expr . '|' expr

    AND    shift, and go to state 75
    OR     shift, and go to state 76
    EQUAL  shift, and go to state 77
    NE     shift, and go to state 78
    GE     shift, and go to state 79
    LE     shift, and go to state 80
    '<'    shift, and go to state 89
    '>'    shift, and go to state 90

    $default  reduce using rule 67 (expr)


State 74

   50 expr: '(' expr . ')'
   52     | expr . '+' expr
   53     | expr . '-' expr
   54     | expr . '*' expr
   55     | expr . '/' expr
   56     | expr . '%' expr
   58     | expr . '<' expr
   59     | expr . LE expr
   60     | expr . EQUAL expr
   61     | expr . NE expr
   62     | expr . GE expr
   63     | expr . '>' expr
   64     | expr . AND expr
   65     | expr . OR expr
   66     | expr . '^' expr
   69     | expr . '&' expr
   70     | expr . '|' expr

    AND    shift, and go to state 75
    OR     shift, and go to state 76
    EQUAL  shift, and go to state 77
    NE     shift, and go to state 78
    GE     shift, and go to state 79
    LE     shift, and go to state 80
    '&'    shift, and go to state 81
    '|'    shift, and go to state 82
    '^'    shift, and go to state 83
    '*'    shift, and go to state 84
    '/'    shift, and go to state 85
    '%'    shift, and go to state 86
    '+'    shift, and go to state 87
    '-'    shift, and go to state 88
    '<'    shift, and go to state 89
    '>'    shift, and go to state 90
    ')'    shift, and go to state 103


State 75

   64 expr: expr AND . expr

    CONST_BOOL    shift, and go to state 39
    CONST_INT     shift, and go to state 40
    CONST_STRING  shift, and go to state 41
    CONST_FLOAT   shift, and go to state 42
    OBJECTID      shift, and go to state 43
    '~'           shift, and go to state 44
    '-'           shift, and go to state 45
    '!'           shift, and go to state 46
    '('           shift, and go to state 48

    expr  转到状态 104
    call  转到状态 59


State 76

   65 expr: expr OR . expr

    CONST_BOOL    shift, and go to state 39
    CONST_INT     shift, and go to state 40
    CONST_STRING  shift, and go to state 41
    CONST_FLOAT   shift, and go to state 42
    OBJECTID      shift, and go to state 43
    '~'           shift, and go to state 44
    '-'           shift, and go to state 45
    '!'           shift, and go to state 46
    '('           shift, and go to state 48

    expr  转到状态 105
    call  转到状态 59


State 77

   60 expr: expr EQUAL . expr

    CONST_BOOL    shift, and go to state 39
    CONST_INT     shift, and go to state 40
    CONST_STRING  shift, and go to state 41
    CONST_FLOAT   shift, and go to state 42
    OBJECTID      shift, and go to state 43
    '~'           shift, and go to state 44
    '-'           shift, and go to state 45
    '!'           shift, and go to state 46
    '('           shift, and go to state 48

    expr  转到状态 106
    call  转到状态 59


State 78

   61 expr: expr NE . expr

    CONST_BOOL    shift, and go to state 39
    CONST_INT     shift, and go to state 40
    CONST_STRING  shift, and go to state 41
    CONST_FLOAT   shift, and go to state 42
    OBJECTID      shift, and go to state 43
    '~'           shift, and go to state 44
    '-'           shift, and go to state 45
    '!'           shift, and go to state 46
    '('           shift, and go to state 48

    expr  转到状态 107
    call  转到状态 59


State 79

   62 expr: expr GE . expr

    CONST_BOOL    shift, and go to state 39
    CONST_INT     shift, and go to state 40
    CONST_STRING  shift, and go to state 41
    CONST_FLOAT   shift, and go to state 42
    OBJECTID      shift, and go to state 43
    '~'           shift, and go to state 44
    '-'           shift, and go to state 45
    '!'           shift, and go to state 46
    '('           shift, and go to state 48

    expr  转到状态 108
    call  转到状态 59


State 80

   59 expr: expr LE . expr

    CONST_BOOL    shift, and go to state 39
    CONST_INT     shift, and go to state 40
    CONST_STRING  shift, and go to state 41
    CONST_FLOAT   shift, and go to state 42
    OBJECTID      shift, and go to state 43
    '~'           shift, and go to state 44
    '-'           shift, and go to state 45
    '!'           shift, and go to state 46
    '('           shift, and go to state 48

    expr  转到状态 109
    call  转到状态 59


State 81

   69 expr: expr '&' . expr

    CONST_BOOL    shift, and go to state 39
    CONST_INT     shift, and go to state 40
    CONST_STRING  shift, and go to state 41
    CONST_FLOAT   shift, and go to state 42
    OBJECTID      shift, and go to state 43
    '~'           shift, and go to state 44
    '-'           shift, and go to state 45
    '!'           shift, and go to state 46
    '('           shift, and go to state 48

    expr  转到状态 110
    call  转到状态 59


State 82

   70 expr: expr '|' . expr

    CONST_BOOL    shift, and go to state 39
    CONST_INT     shift, and go to state 40
    CONST_STRING  shift, and go to state 41
    CONST_FLOAT   shift, and go to state 42
    OBJECTID      shift, and go to state 43
    '~'           shift, and go to state 44
    '-'           shift, and go to state 45
    '!'           shift, and go to state 46
    '('           shift, and go to state 48

    expr  转到状态 111
    call  转到状态 59


State 83

   66 expr: expr '^' . expr

    CONST_BOOL    shift, and go to state 39
    CONST_INT     shift, and go to state 40
    CONST_STRING  shift, and go to state 41
    CONST_FLOAT   shift, and go to state 42
    OBJECTID      shift, and go to state 43
    '~'           shift, and go to state 44
    '-'           shift, and go to state 45
    '!'           shift, and go to state 46
    '('           shift, and go to state 48

    expr  转到状态 112
    call  转到状态 59


State 84

   54 expr: expr '*' . expr

    CONST_BOOL    shift, and go to state 39
    CONST_INT     shift, and go to state 40
    CONST_STRING  shift, and go to state 41
    CONST_FLOAT   shift, and go to state 42
    OBJECTID      shift, and go to state 43
    '~'           shift, and go to state 44
    '-'           shift, and go to state 45
    '!'           shift, and go to state 46
    '('           shift, and go to state 48

    expr  转到状态 113
    call  转到状态 59


State 85

   55 expr: expr '/' . expr

    CONST_BOOL    shift, and go to state 39
    CONST_INT     shift, and go to state 40
    CONST_STRING  shift, and go to state 41
    CONST_FLOAT   shift, and go to state 42
    OBJECTID      shift, and go to state 43
    '~'           shift, and go to state 44
    '-'           shift, and go to state 45
    '!'           shift, and go to state 46
    '('           shift, and go to state 48

    expr  转到状态 114
    call  转到状态 59


State 86

   56 expr: expr '%' . expr

    CONST_BOOL    shift, and go to state 39
    CONST_INT     shift, and go to state 40
    CONST_STRING  shift, and go to state 41
    CONST_FLOAT   shift, and go to state 42
    OBJECTID      shift, and go to state 43
    '~'           shift, and go to state 44
    '-'           shift, and go to state 45
    '!'           shift, and go to state 46
    '('           shift, and go to state 48

    expr  转到状态 115
    call  转到状态 59


State 87

   52 expr: expr '+' . expr

    CONST_BOOL    shift, and go to state 39
    CONST_INT     shift, and go to state 40
    CONST_STRING  shift, and go to state 41
    CONST_FLOAT   shift, and go to state 42
    OBJECTID      shift, and go to state 43
    '~'           shift, and go to state 44
    '-'           shift, and go to state 45
    '!'           shift, and go to state 46
    '('           shift, and go to state 48

    expr  转到状态 116
    call  转到状态 59


State 88

   53 expr: expr '-' . expr

    CONST_BOOL    shift, and go to state 39
    CONST_INT     shift, and go to state 40
    CONST_STRING  shift, and go to state 41
    CONST_FLOAT   shift, and go to state 42
    OBJECTID      shift, and go to state 43
    '~'           shift, and go to state 44
    '-'           shift, and go to state 45
    '!'           shift, and go to state 46
    '('           shift, and go to state 48

    expr  转到状态 117
    call  转到状态 59


State 89

   58 expr: expr '<' . expr

    CONST_BOOL    shift, and go to state 39
    CONST_INT     shift, and go to state 40
    CONST_STRING  shift, and go to state 41
    CONST_FLOAT   shift, and go to state 42
    OBJECTID      shift, and go to state 43
    '~'           shift, and go to state 44
    '-'           shift, and go to state 45
    '!'           shift, and go to state 46
    '('           shift, and go to state 48

    expr  转到状态 118
    call  转到状态 59


State 90

   63 expr: expr '>' . expr

    CONST_BOOL    shift, and go to state 39
    CONST_INT     shift, and go to state 40
    CONST_STRING  shift, and go to state 41
    CONST_FLOAT   shift, and go to state 42
    OBJECTID      shift, and go to state 43
    '~'           shift, and go to state 44
    '-'           shift, and go to state 45
    '!'           shift, and go to state 46
    '('           shift, and go to state 48

    expr  转到状态 119
    call  转到状态 59


State 91

   19 stmt: expr ';' .

    $default  reduce using rule 19 (stmt)


State 92

   29 ifStmt: IF expr stmtBlock . ELSE stmtBlock
   30       | IF expr stmtBlock .

    ELSE  shift, and go to state 120

    $default  reduce using rule 30 (ifStmt)


State 93

   31 whileStmt: WHILE expr stmtBlock .

    $default  reduce using rule 31 (whileStmt)


State 94

   38 forStmt: FOR ';' ';' . expr stmtBlock
   39        | FOR ';' ';' . stmtBlock

    CONST_BOOL    shift, and go to state 39
    CONST_INT     shift, and go to state 40
    CONST_STRING  shift, and go to state 41
    CONST_FLOAT   shift, and go to state 42
    OBJECTID      shift, and go to state 43
    '~'           shift, and go to state 44
    '-'           shift, and go to state 45
    '!'           shift, and go to state 46
    '('           shift, and go to state 48
    '{'           shift, and go to state 20

    stmtBlock  转到状态 121
    expr       转到状态 122
    call       转到状态 59


State 95

   35 forStmt: FOR ';' expr . ';' expr stmtBlock
   37        | FOR ';' expr . ';' stmtBlock
   52 expr: expr . '+' expr
   53     | expr . '-' expr
   54     | expr . '*' expr
   55     | expr . '/' expr
   56     | expr . '%' expr
   58     | expr . '<' expr
   59     | expr . LE expr
   60     | expr . EQUAL expr
   61     | expr . NE expr
   62     | expr . GE expr
   63     | expr . '>' expr
   64     | expr . AND expr
   65     | expr . OR expr
   66     | expr . '^' expr
   69     | expr . '&' expr
   70     | expr . '|' expr

    AND    shift, and go to state 75
    OR     shift, and go to state 76
    EQUAL  shift, and go to state 77
    NE     shift, and go to state 78
    GE     shift, and go to state 79
    LE     shift, and go to state 80
    '&'    shift, and go to state 81
    '|'    shift, and go to state 82
    '^'    shift, and go to state 83
    '*'    shift, and go to state 84
    '/'    shift, and go to state 85
    '%'    shift, and go to state 86
    '+'    shift, and go to state 87
    '-'    shift, and go to state 88
    '<'    shift, and go to state 89
    '>'    shift, and go to state 90
    ';'    shift, and go to state 123


State 96

   32 forStmt: FOR expr ';' . expr ';' expr stmtBlock
   33        | FOR expr ';' . expr ';' stmtBlock
   34        | FOR expr ';' . ';' expr stmtBlock
   36        | FOR expr ';' . ';' stmtBlock

    CONST_BOOL    shift, and go to state 39
    CONST_INT     shift, and go to state 40
    CONST_STRING  shift, and go to state 41
    CONST_FLOAT   shift, and go to state 42
    OBJECTID      shift, and go to state 43
    '~'           shift, and go to state 44
    '-'           shift, and go to state 45
    '!'           shift, and go to state 46
    ';'           shift, and go to state 124
    '('           shift, and go to state 48

    expr  转到状态 125
    call  转到状态 59


State 97

   40 returnStmt: RETURN expr ';' .

    $default  reduce using rule 40 (returnStmt)


State 98

   44 expr: OBJECTID '=' expr .
   52     | expr . '+' expr
   53     | expr . '-' expr
   54     | expr . '*' expr
   55     | expr . '/' expr
   56     | expr . '%' expr
   58     | expr . '<' expr
   59     | expr . LE expr
   60     | expr . EQUAL expr
   61     | expr . NE expr
   62     | expr . GE expr
   63     | expr . '>' expr
   64     | expr . AND expr
   65     | expr . OR expr
   66     | expr . '^' expr
   69     | expr . '&' expr
   70     | expr . '|' expr

    AND    shift, and go to state 75
    OR     shift, and go to state 76
    EQUAL  shift, and go to state 77
    NE     shift, and go to state 78
    GE     shift, and go to state 79
    LE     shift, and go to state 80
    '<'    shift, and go to state 89
    '>'    shift, and go to state 90

    $default  reduce using rule 44 (expr)


State 99

   72 call: OBJECTID '(' ')' .

    $default  reduce using rule 72 (call)


State 100

   52 expr: expr . '+' expr
   53     | expr . '-' expr
   54     | expr . '*' expr
   55     | expr . '/' expr
   56     | expr . '%' expr
   58     | expr . '<' expr
   59     | expr . LE expr
   60     | expr . EQUAL expr
   61     | expr . NE expr
   62     | expr . GE expr
   63     | expr . '>' expr
   64     | expr . AND expr
   65     | expr . OR expr
   66     | expr . '^' expr
   69     | expr . '&' expr
   70     | expr . '|' expr
   73 actual: expr .

    AND    shift, and go to state 75
    OR     shift, and go to state 76
    EQUAL  shift, and go to state 77
    NE     shift, and go to state 78
    GE     shift, and go to state 79
    LE     shift, and go to state 80
    '&'    shift, and go to state 81
    '|'    shift, and go to state 82
    '^'    shift, and go to state 83
    '*'    shift, and go to state 84
    '/'    shift, and go to state 85
    '%'    shift, and go to state 86
    '+'    shift, and go to state 87
    '-'    shift, and go to state 88
    '<'    shift, and go to state 89
    '>'    shift, and go to state 90

    $default  reduce using rule 73 (actual)


State 101

   74 actual_list: actual .

    $default  reduce using rule 74 (actual_list)


State 102

   71 call: OBJECTID '(' actual_list . ')'
   75 actual_list: actual_list . ',' actual

    ','  shift, and go to state 126
    ')'  shift, and go to state 127


State 103

   50 expr: '(' expr ')' .

    $default  reduce using rule 50 (expr)


State 104

   52 expr: expr . '+' expr
   53     | expr . '-' expr
   54     | expr . '*' expr
   55     | expr . '/' expr
   56     | expr . '%' expr
   58     | expr . '<' expr
   59     | expr . LE expr
   60     | expr . EQUAL expr
   61     | expr . NE expr
   62     | expr . GE expr
   63     | expr . '>' expr
   64     | expr . AND expr
   64     | expr AND expr .
   65     | expr . OR expr
   66     | expr . '^' expr
   69     | expr . '&' expr
   70     | expr . '|' expr

    AND  shift, and go to state 75

    $default  reduce using rule 64 (expr)


State 105

   52 expr: expr . '+' expr
   53     | expr . '-' expr
   54     | expr . '*' expr
   55     | expr . '/' expr
   56     | expr . '%' expr
   58     | expr . '<' expr
   59     | expr . LE expr
   60     | expr . EQUAL expr
   61     | expr . NE expr
   62     | expr . GE expr
   63     | expr . '>' expr
   64     | expr . AND expr
   65     | expr . OR expr
   65     | expr OR expr .
   66     | expr . '^' expr
   69     | expr . '&' expr
   70     | expr . '|' expr

    AND  shift, and go to state 75
    OR   shift, and go to state 76

    $default  reduce using rule 65 (expr)


State 106

   52 expr: expr . '+' expr
   53     | expr . '-' expr
   54     | expr . '*' expr
   55     | expr . '/' expr
   56     | expr . '%' expr
   58     | expr . '<' expr
   59     | expr . LE expr
   60     | expr . EQUAL expr
   60     | expr EQUAL expr .
   61     | expr . NE expr
   62     | expr . GE expr
   63     | expr . '>' expr
   64     | expr . AND expr
   65     | expr . OR expr
   66     | expr . '^' expr
   69     | expr . '&' expr
   70     | expr . '|' expr

    AND  shift, and go to state 75
    OR   shift, and go to state 76
    GE   shift, and go to state 79
    LE   shift, and go to state 80
    '<'  shift, and go to state 89
    '>'  shift, and go to state 90

    EQUAL  error (nonassociative)
    NE     error (nonassociative)

    $default  reduce using rule 60 (expr)


State 107

   52 expr: expr . '+' expr
   53     | expr . '-' expr
   54     | expr . '*' expr
   55     | expr . '/' expr
   56     | expr . '%' expr
   58     | expr . '<' expr
   59     | expr . LE expr
   60     | expr . EQUAL expr
   61     | expr . NE expr
   61     | expr NE expr .
   62     | expr . GE expr
   63     | expr . '>' expr
   64     | expr . AND expr
   65     | expr . OR expr
   66     | expr . '^' expr
   69     | expr . '&' expr
   70     | expr . '|' expr

    AND  shift, and go to state 75
    OR   shift, and go to state 76
    GE   shift, and go to state 79
    LE   shift, and go to state 80
    '<'  shift, and go to state 89
    '>'  shift, and go to state 90

    EQUAL  error (nonassociative)
    NE     error (nonassociative)

    $default  reduce using rule 61 (expr)


State 108

   52 expr: expr . '+' expr
   53     | expr . '-' expr
   54     | expr . '*' expr
   55     | expr . '/' expr
   56     | expr . '%' expr
   58     | expr . '<' expr
   59     | expr . LE expr
   60     | expr . EQUAL expr
   61     | expr . NE expr
   62     | expr . GE expr
   62     | expr GE expr .
   63     | expr . '>' expr
   64     | expr . AND expr
   65     | expr . OR expr
   66     | expr . '^' expr
   69     | expr . '&' expr
   70     | expr . '|' expr

    AND  shift, and go to state 75
    OR   shift, and go to state 76

    GE   error (nonassociative)
    LE   error (nonassociative)
    '<'  error (nonassociative)
    '>'  error (nonassociative)

    $default  reduce using rule 62 (expr)


State 109

   52 expr: expr . '+' expr
   53     | expr . '-' expr
   54     | expr . '*' expr
   55     | expr . '/' expr
   56     | expr . '%' expr
   58     | expr . '<' expr
   59     | expr . LE expr
   59     | expr LE expr .
   60     | expr . EQUAL expr
   61     | expr . NE expr
   62     | expr . GE expr
   63     | expr . '>' expr
   64     | expr . AND expr
   65     | expr . OR expr
   66     | expr . '^' expr
   69     | expr . '&' expr
   70     | expr . '|' expr

    AND  shift, and go to state 75
    OR   shift, and go to state 76

    GE   error (nonassociative)
    LE   error (nonassociative)
    '<'  error (nonassociative)
    '>'  error (nonassociative)

    $default  reduce using rule 59 (expr)


State 110

   52 expr: expr . '+' expr
   53     | expr . '-' expr
   54     | expr . '*' expr
   55     | expr . '/' expr
   56     | expr . '%' expr
   58     | expr . '<' expr
   59     | expr . LE expr
   60     | expr . EQUAL expr
   61     | expr . NE expr
   62     | expr . GE expr
   63     | expr . '>' expr
   64     | expr . AND expr
   65     | expr . OR expr
   66     | expr . '^' expr
   69     | expr . '&' expr
   69     | expr '&' expr .
   70     | expr . '|' expr

    AND    shift, and go to state 75
    OR     shift, and go to state 76
    EQUAL  shift, and go to state 77
    NE     shift, and go to state 78
    GE     shift, and go to state 79
    LE     shift, and go to state 80
    '*'    shift, and go to state 84
    '/'    shift, and go to state 85
    '%'    shift, and go to state 86
    '+'    shift, and go to state 87
    '-'    shift, and go to state 88
    '<'    shift, and go to state 89
    '>'    shift, and go to state 90

    $default  reduce using rule 69 (expr)


State 111

   52 expr: expr . '+' expr
   53     | expr . '-' expr
   54     | expr . '*' expr
   55     | expr . '/' expr
   56     | expr . '%' expr
   58     | expr . '<' expr
   59     | expr . LE expr
   60     | expr . EQUAL expr
   61     | expr . NE expr
   62     | expr . GE expr
   63     | expr . '>' expr
   64     | expr . AND expr
   65     | expr . OR expr
   66     | expr . '^' expr
   69     | expr . '&' expr
   70     | expr . '|' expr
   70     | expr '|' expr .

    AND    shift, and go to state 75
    OR     shift, and go to state 76
    EQUAL  shift, and go to state 77
    NE     shift, and go to state 78
    GE     shift, and go to state 79
    LE     shift, and go to state 80
    '*'    shift, and go to state 84
    '/'    shift, and go to state 85
    '%'    shift, and go to state 86
    '+'    shift, and go to state 87
    '-'    shift, and go to state 88
    '<'    shift, and go to state 89
    '>'    shift, and go to state 90

    $default  reduce using rule 70 (expr)


State 112

   52 expr: expr . '+' expr
   53     | expr . '-' expr
   54     | expr . '*' expr
   55     | expr . '/' expr
   56     | expr . '%' expr
   58     | expr . '<' expr
   59     | expr . LE expr
   60     | expr . EQUAL expr
   61     | expr . NE expr
   62     | expr . GE expr
   63     | expr . '>' expr
   64     | expr . AND expr
   65     | expr . OR expr
   66     | expr . '^' expr
   66     | expr '^' expr .
   69     | expr . '&' expr
   70     | expr . '|' expr

    AND    shift, and go to state 75
    OR     shift, and go to state 76
    EQUAL  shift, and go to state 77
    NE     shift, and go to state 78
    GE     shift, and go to state 79
    LE     shift, and go to state 80
    '*'    shift, and go to state 84
    '/'    shift, and go to state 85
    '%'    shift, and go to state 86
    '+'    shift, and go to state 87
    '-'    shift, and go to state 88
    '<'    shift, and go to state 89
    '>'    shift, and go to state 90

    $default  reduce using rule 66 (expr)


State 113

   52 expr: expr . '+' expr
   53     | expr . '-' expr
   54     | expr . '*' expr
   54     | expr '*' expr .
   55     | expr . '/' expr
   56     | expr . '%' expr
   58     | expr . '<' expr
   59     | expr . LE expr
   60     | expr . EQUAL expr
   61     | expr . NE expr
   62     | expr . GE expr
   63     | expr . '>' expr
   64     | expr . AND expr
   65     | expr . OR expr
   66     | expr . '^' expr
   69     | expr . '&' expr
   70     | expr . '|' expr

    AND    shift, and go to state 75
    OR     shift, and go to state 76
    EQUAL  shift, and go to state 77
    NE     shift, and go to state 78
    GE     shift, and go to state 79
    LE     shift, and go to state 80
    '%'    shift, and go to state 86
    '+'    shift, and go to state 87
    '-'    shift, and go to state 88
    '<'    shift, and go to state 89
    '>'    shift, and go to state 90

    $default  reduce using rule 54 (expr)


State 114

   52 expr: expr . '+' expr
   53     | expr . '-' expr
   54     | expr . '*' expr
   55     | expr . '/' expr
   55     | expr '/' expr .
   56     | expr . '%' expr
   58     | expr . '<' expr
   59     | expr . LE expr
   60     | expr . EQUAL expr
   61     | expr . NE expr
   62     | expr . GE expr
   63     | expr . '>' expr
   64     | expr . AND expr
   65     | expr . OR expr
   66     | expr . '^' expr
   69     | expr . '&' expr
   70     | expr . '|' expr

    AND    shift, and go to state 75
    OR     shift, and go to state 76
    EQUAL  shift, and go to state 77
    NE     shift, and go to state 78
    GE     shift, and go to state 79
    LE     shift, and go to state 80
    '%'    shift, and go to state 86
    '+'    shift, and go to state 87
    '-'    shift, and go to state 88
    '<'    shift, and go to state 89
    '>'    shift, and go to state 90

    $default  reduce using rule 55 (expr)


State 115

   52 expr: expr . '+' expr
   53     | expr . '-' expr
   54     | expr . '*' expr
   55     | expr . '/' expr
   56     | expr . '%' expr
   56     | expr '%' expr .
   58     | expr . '<' expr
   59     | expr . LE expr
   60     | expr . EQUAL expr
   61     | expr . NE expr
   62     | expr . GE expr
   63     | expr . '>' expr
   64     | expr . AND expr
   65     | expr . OR expr
   66     | expr . '^' expr
   69     | expr . '&' expr
   70     | expr . '|' expr

    AND    shift, and go to state 75
    OR     shift, and go to state 76
    EQUAL  shift, and go to state 77
    NE     shift, and go to state 78
    GE     shift, and go to state 79
    LE     shift, and go to state 80
    '+'    shift, and go to state 87
    '-'    shift, and go to state 88
    '<'    shift, and go to state 89
    '>'    shift, and go to state 90

    $default  reduce using rule 56 (expr)


State 116

   52 expr: expr . '+' expr
   52     | expr '+' expr .
   53     | expr . '-' expr
   54     | expr . '*' expr
   55     | expr . '/' expr
   56     | expr . '%' expr
   58     | expr . '<' expr
   59     | expr . LE expr
   60     | expr . EQUAL expr
   61     | expr . NE expr
   62     | expr . GE expr
   63     | expr . '>' expr
   64     | expr . AND expr
   65     | expr . OR expr
   66     | expr . '^' expr
   69     | expr . '&' expr
   70     | expr . '|' expr

    AND    shift, and go to state 75
    OR     shift, and go to state 76
    EQUAL  shift, and go to state 77
    NE     shift, and go to state 78
    GE     shift, and go to state 79
    LE     shift, and go to state 80
    '<'    shift, and go to state 89
    '>'    shift, and go to state 90

    $default  reduce using rule 52 (expr)


State 117

   52 expr: expr . '+' expr
   53     | expr . '-' expr
   53     | expr '-' expr .
   54     | expr . '*' expr
   55     | expr . '/' expr
   56     | expr . '%' expr
   58     | expr . '<' expr
   59     | expr . LE expr
   60     | expr . EQUAL expr
   61     | expr . NE expr
   62     | expr . GE expr
   63     | expr . '>' expr
   64     | expr . AND expr
   65     | expr . OR expr
   66     | expr . '^' expr
   69     | expr . '&' expr
   70     | expr . '|' expr

    AND    shift, and go to state 75
    OR     shift, and go to state 76
    EQUAL  shift, and go to state 77
    NE     shift, and go to state 78
    GE     shift, and go to state 79
    LE     shift, and go to state 80
    '<'    shift, and go to state 89
    '>'    shift, and go to state 90

    $default  reduce using rule 53 (expr)


State 118

   52 expr: expr . '+' expr
   53     | expr . '-' expr
   54     | expr . '*' expr
   55     | expr . '/' expr
   56     | expr . '%' expr
   58     | expr . '<' expr
   58     | expr '<' expr .
   59     | expr . LE expr
   60     | expr . EQUAL expr
   61     | expr . NE expr
   62     | expr . GE expr
   63     | expr . '>' expr
   64     | expr . AND expr
   65     | expr . OR expr
   66     | expr . '^' expr
   69     | expr . '&' expr
   70     | expr . '|' expr

    AND  shift, and go to state 75
    OR   shift, and go to state 76

    GE   error (nonassociative)
    LE   error (nonassociative)
    '<'  error (nonassociative)
    '>'  error (nonassociative)

    $default  reduce using rule 58 (expr)


State 119

   52 expr: expr . '+' expr
   53     | expr . '-' expr
   54     | expr . '*' expr
   55     | expr . '/' expr
   56     | expr . '%' expr
   58     | expr . '<' expr
   59     | expr . LE expr
   60     | expr . EQUAL expr
   61     | expr . NE expr
   62     | expr . GE expr
   63     | expr . '>' expr
   63     | expr '>' expr .
   64     | expr . AND expr
   65     | expr . OR expr
   66     | expr . '^' expr
   69     | expr . '&' expr
   70     | expr . '|' expr

    AND  shift, and go to state 75
    OR   shift, and go to state 76

    GE   error (nonassociative)
    LE   error (nonassociative)
    '<'  error (nonassociative)
    '>'  error (nonassociative)

    $default  reduce using rule 63 (expr)


State 120

   29 ifStmt: IF expr stmtBlock ELSE . stmtBlock

    '{'  shift, and go to state 20

    stmtBlock  转到状态 128


State 121

   39 forStmt: FOR ';' ';' stmtBlock .

    $default  reduce using rule 39 (forStmt)


State 122

   38 forStmt: FOR ';' ';' expr . stmtBlock
   52 expr: expr . '+' expr
   53     | expr . '-' expr
   54     | expr . '*' expr
   55     | expr . '/' expr
   56     | expr . '%' expr
   58     | expr . '<' expr
   59     | expr . LE expr
   60     | expr . EQUAL expr
   61     | expr . NE expr
   62     | expr . GE expr
   63     | expr . '>' expr
   64     | expr . AND expr
   65     | expr . OR expr
   66     | expr . '^' expr
   69     | expr . '&' expr
   70     | expr . '|' expr

    AND    shift, and go to state 75
    OR     shift, and go to state 76
    EQUAL  shift, and go to state 77
    NE     shift, and go to state 78
    GE     shift, and go to state 79
    LE     shift, and go to state 80
    '&'    shift, and go to state 81
    '|'    shift, and go to state 82
    '^'    shift, and go to state 83
    '*'    shift, and go to state 84
    '/'    shift, and go to state 85
    '%'    shift, and go to state 86
    '+'    shift, and go to state 87
    '-'    shift, and go to state 88
    '<'    shift, and go to state 89
    '>'    shift, and go to state 90
    '{'    shift, and go to state 20

    stmtBlock  转到状态 129


State 123

   35 forStmt: FOR ';' expr ';' . expr stmtBlock
   37        | FOR ';' expr ';' . stmtBlock

    CONST_BOOL    shift, and go to state 39
    CONST_INT     shift, and go to state 40
    CONST_STRING  shift, and go to state 41
    CONST_FLOAT   shift, and go to state 42
    OBJECTID      shift, and go to state 43
    '~'           shift, and go to state 44
    '-'           shift, and go to state 45
    '!'           shift, and go to state 46
    '('           shift, and go to state 48
    '{'           shift, and go to state 20

    stmtBlock  转到状态 130
    expr       转到状态 131
    call       转到状态 59


State 124

   34 forStmt: FOR expr ';' ';' . expr stmtBlock
   36        | FOR expr ';' ';' . stmtBlock

    CONST_BOOL    shift, and go to state 39
    CONST_INT     shift, and go to state 40
    CONST_STRING  shift, and go to state 41
    CONST_FLOAT   shift, and go to state 42
    OBJECTID      shift, and go to state 43
    '~'           shift, and go to state 44
    '-'           shift, and go to state 45
    '!'           shift, and go to state 46
    '('           shift, and go to state 48
    '{'           shift, and go to state 20

    stmtBlock  转到状态 132
    expr       转到状态 133
    call       转到状态 59


State 125

   32 forStmt: FOR expr ';' expr . ';' expr stmtBlock
   33        | FOR expr ';' expr . ';' stmtBlock
   52 expr: expr . '+' expr
   53     | expr . '-' expr
   54     | expr . '*' expr
   55     | expr . '/' expr
   56     | expr . '%' expr
   58     | expr . '<' expr
   59     | expr . LE expr
   60     | expr . EQUAL expr
   61     | expr . NE expr
   62     | expr . GE expr
   63     | expr . '>' expr
   64     | expr . AND expr
   65     | expr . OR expr
   66     | expr . '^' expr
   69     | expr . '&' expr
   70     | expr . '|' expr

    AND    shift, and go to state 75
    OR     shift, and go to state 76
    EQUAL  shift, and go to state 77
    NE     shift, and go to state 78
    GE     shift, and go to state 79
    LE     shift, and go to state 80
    '&'    shift, and go to state 81
    '|'    shift, and go to state 82
    '^'    shift, and go to state 83
    '*'    shift, and go to state 84
    '/'    shift, and go to state 85
    '%'    shift, and go to state 86
    '+'    shift, and go to state 87
    '-'    shift, and go to state 88
    '<'    shift, and go to state 89
    '>'    shift, and go to state 90
    ';'    shift, and go to state 134


State 126

   75 actual_list: actual_list ',' . actual

    CONST_BOOL    shift, and go to state 39
    CONST_INT     shift, and go to state 40
    CONST_STRING  shift, and go to state 41
    CONST_FLOAT   shift, and go to state 42
    OBJECTID      shift, and go to state 43
    '~'           shift, and go to state 44
    '-'           shift, and go to state 45
    '!'           shift, and go to state 46
    '('           shift, and go to state 48

    expr    转到状态 100
    call    转到状态 59
    actual  转到状态 135


State 127

   71 call: OBJECTID '(' actual_list ')' .

    $default  reduce using rule 71 (call)


State 128

   29 ifStmt: IF expr stmtBlock ELSE stmtBlock .

    $default  reduce using rule 29 (ifStmt)


State 129

   38 forStmt: FOR ';' ';' expr stmtBlock .

    $default  reduce using rule 38 (forStmt)


State 130

   37 forStmt: FOR ';' expr ';' stmtBlock .

    $default  reduce using rule 37 (forStmt)


State 131

   35 forStmt: FOR ';' expr ';' expr . stmtBlock
   52 expr: expr . '+' expr
   53     | expr . '-' expr
   54     | expr . '*' expr
   55     | expr . '/' expr
   56     | expr . '%' expr
   58     | expr . '<' expr
   59     | expr . LE expr
   60     | expr . EQUAL expr
   61     | expr . NE expr
   62     | expr . GE expr
   63     | expr . '>' expr
   64     | expr . AND expr
   65     | expr . OR expr
   66     | expr . '^' expr
   69     | expr . '&' expr
   70     | expr . '|' expr

    AND    shift, and go to state 75
    OR     shift, and go to state 76
    EQUAL  shift, and go to state 77
    NE     shift, and go to state 78
    GE     shift, and go to state 79
    LE     shift, and go to state 80
    '&'    shift, and go to state 81
    '|'    shift, and go to state 82
    '^'    shift, and go to state 83
    '*'    shift, and go to state 84
    '/'    shift, and go to state 85
    '%'    shift, and go to state 86
    '+'    shift, and go to state 87
    '-'    shift, and go to state 88
    '<'    shift, and go to state 89
    '>'    shift, and go to state 90
    '{'    shift, and go to state 20

    stmtBlock  转到状态 136


State 132

   36 forStmt: FOR expr ';' ';' stmtBlock .

    $default  reduce using rule 36 (forStmt)


State 133

   34 forStmt: FOR expr ';' ';' expr . stmtBlock
   52 expr: expr . '+' expr
   53     | expr . '-' expr
   54     | expr . '*' expr
   55     | expr . '/' expr
   56     | expr . '%' expr
   58     | expr . '<' expr
   59     | expr . LE expr
   60     | expr . EQUAL expr
   61     | expr . NE expr
   62     | expr . GE expr
   63     | expr . '>' expr
   64     | expr . AND expr
   65     | expr . OR expr
   66     | expr . '^' expr
   69     | expr . '&' expr
   70     | expr . '|' expr

    AND    shift, and go to state 75
    OR     shift, and go to state 76
    EQUAL  shift, and go to state 77
    NE     shift, and go to state 78
    GE     shift, and go to state 79
    LE     shift, and go to state 80
    '&'    shift, and go to state 81
    '|'    shift, and go to state 82
    '^'    shift, and go to state 83
    '*'    shift, and go to state 84
    '/'    shift, and go to state 85
    '%'    shift, and go to state 86
    '+'    shift, and go to state 87
    '-'    shift, and go to state 88
    '<'    shift, and go to state 89
    '>'    shift, and go to state 90
    '{'    shift, and go to state 20

    stmtBlock  转到状态 137


State 134

   32 forStmt: FOR expr ';' expr ';' . expr stmtBlock
   33        | FOR expr ';' expr ';' . stmtBlock

    CONST_BOOL    shift, and go to state 39
    CONST_INT     shift, and go to state 40
    CONST_STRING  shift, and go to state 41
    CONST_FLOAT   shift, and go to state 42
    OBJECTID      shift, and go to state 43
    '~'           shift, and go to state 44
    '-'           shift, and go to state 45
    '!'           shift, and go to state 46
    '('           shift, and go to state 48
    '{'           shift, and go to state 20

    stmtBlock  转到状态 138
    expr       转到状态 139
    call       转到状态 59


State 135

   75 actual_list: actual_list ',' actual .

    $default  reduce using rule 75 (actual_list)


State 136

   35 forStmt: FOR ';' expr ';' expr stmtBlock .

    $default  reduce using rule 35 (forStmt)


State 137

   34 forStmt: FOR expr ';' ';' expr stmtBlock .

    $default  reduce using rule 34 (forStmt)


State 138

   33 forStmt: FOR expr ';' expr ';' stmtBlock .

    $default  reduce using rule 33 (forStmt)


State 139

   32 forStmt: FOR expr ';' expr ';' expr . stmtBlock
   52 expr: expr . '+' expr
   53     | expr . '-' expr
   54     | expr . '*' expr
   55     | expr . '/' expr
   56     | expr . '%' expr
   58     | expr . '<' expr
   59     | expr . LE expr
   60     | expr . EQUAL expr
   61     | expr . NE expr
   62     | expr . GE expr
   63     | expr . '>' expr
   64     | expr . AND expr
   65     | expr . OR expr
   66     | expr . '^' expr
   69     | expr . '&' expr
   70     | expr . '|' expr

    AND    shift, and go to state 75
    OR     shift, and go to state 76
    EQUAL  shift, and go to state 77
    NE     shift, and go to state 78
    GE     shift, and go to state 79
    LE     shift, and go to state 80
    '&'    shift, and go to state 81
    '|'    shift, and go to state 82
    '^'    shift, and go to state 83
    '*'    shift, and go to state 84
    '/'    shift, and go to state 85
    '%'    shift, and go to state 86
    '+'    shift, and go to state 87
    '-'    shift, and go to state 88
    '<'    shift, and go to state 89
    '>'    shift, and go to state 90
    '{'    shift, and go to state 20

    stmtBlock  转到状态 140


State 140

   32 forStmt: FOR expr ';' expr ';' expr stmtBlock .

    $default  reduce using rule 32 (forStmt)
